{
  "RSpec": {
    "coverage": {
      "/Users/matheus/Desktop/ProjetoElabore/spec/controllers/courses_controller_spec.rb": [
        null,
        null,
        1,
        null,
        1,
        null,
        null
      ],
      "/Users/matheus/Desktop/ProjetoElabore/spec/rails_helper.rb": [
        null,
        null,
        null,
        1,
        1,
        1,
        null,
        1,
        1,
        null,
        1,
        null,
        1,
        1,
        null,
        1,
        null,
        1,
        null,
        1,
        null,
        1,
        null
      ],
      "/Users/matheus/Desktop/ProjetoElabore/config/environment.rb": [
        null,
        null,
        null,
        1,
        1,
        null,
        null,
        1,
        null,
        1,
        1,
        1
      ],
      "/Users/matheus/Desktop/ProjetoElabore/config/application.rb": [
        null,
        null,
        1,
        null,
        1,
        null,
        null,
        null,
        1,
        null,
        1,
        1,
        null,
        1,
        1,
        null,
        null,
        null,
        null,
        null
      ],
      "/Users/matheus/Desktop/ProjetoElabore/config/boot.rb": [
        null,
        null,
        1,
        null,
        1
      ],
      "/Users/matheus/Desktop/ProjetoElabore/config/spring.rb": [
        null,
        null,
        null,
        null,
        null,
        null,
        null,
        5
      ],
      "/Users/matheus/Desktop/ProjetoElabore/config/environments/test.rb": [
        null,
        null,
        1,
        null,
        null,
        null,
        null,
        null,
        null,
        1,
        null,
        null,
        null,
        null,
        1,
        null,
        null,
        1,
        1,
        null,
        null,
        null,
        null,
        1,
        1,
        null,
        null,
        1,
        null,
        null,
        1,
        1,
        null,
        null,
        null,
        null,
        1,
        null,
        null,
        1,
        null,
        null,
        null,
        null
      ],
      "/Users/matheus/Desktop/ProjetoElabore/config/initializers/application_controller_renderer.rb": [
        null,
        null,
        null,
        null,
        null,
        null,
        null
      ],
      "/Users/matheus/Desktop/ProjetoElabore/config/initializers/assets.rb": [
        null,
        null,
        null,
        null,
        null,
        1,
        null,
        null,
        null,
        null,
        1,
        null,
        null,
        null,
        null,
        null
      ],
      "/Users/matheus/Desktop/ProjetoElabore/config/initializers/backtrace_silencers.rb": [
        null,
        null,
        null,
        null,
        null,
        null,
        null,
        null
      ],
      "/Users/matheus/Desktop/ProjetoElabore/config/initializers/cookies_serializer.rb": [
        null,
        null,
        null,
        null,
        null,
        null,
        1
      ],
      "/Users/matheus/Desktop/ProjetoElabore/config/initializers/devise.rb": [
        null,
        null,
        null,
        null,
        1,
        null,
        null,
        null,
        null,
        null,
        null,
        null,
        null,
        null,
        null,
        null,
        1,
        null,
        null,
        null,
        null,
        null,
        null,
        null,
        null,
        null,
        null,
        null,
        1,
        null,
        null,
        null,
        null,
        null,
        null,
        null,
        null,
        null,
        null,
        null,
        null,
        null,
        null,
        null,
        null,
        null,
        null,
        null,
        null,
        null,
        1,
        null,
        null,
        null,
        null,
        1,
        null,
        null,
        null,
        null,
        null,
        null,
        null,
        null,
        null,
        null,
        null,
        null,
        null,
        null,
        null,
        null,
        null,
        null,
        null,
        null,
        null,
        null,
        null,
        null,
        null,
        null,
        null,
        null,
        null,
        null,
        1,
        null,
        null,
        null,
        null,
        null,
        null,
        null,
        null,
        null,
        null,
        null,
        null,
        null,
        null,
        null,
        null,
        null,
        null,
        null,
        null,
        null,
        null,
        1,
        null,
        null,
        null,
        null,
        null,
        null,
        null,
        null,
        1,
        null,
        null,
        null,
        null,
        null,
        null,
        null,
        null,
        null,
        null,
        null,
        null,
        null,
        null,
        null,
        null,
        null,
        null,
        null,
        null,
        null,
        null,
        null,
        null,
        null,
        null,
        null,
        null,
        null,
        null,
        null,
        null,
        null,
        null,
        null,
        null,
        null,
        null,
        null,
        null,
        null,
        null,
        1,
        null,
        null,
        null,
        null,
        1,
        null,
        null,
        null,
        null,
        null,
        null,
        null,
        null,
        null,
        null,
        null,
        null,
        null,
        null,
        null,
        null,
        null,
        null,
        null,
        null,
        null,
        null,
        null,
        null,
        null,
        null,
        null,
        null,
        null,
        null,
        null,
        null,
        null,
        null,
        null,
        null,
        null,
        null,
        null,
        null,
        1,
        null,
        null,
        null,
        null,
        null,
        null,
        null,
        null,
        null,
        null,
        null,
        null,
        null,
        null,
        null,
        null,
        null,
        null,
        null,
        null,
        null,
        null,
        null,
        null,
        null,
        null,
        null,
        null,
        null,
        null,
        null,
        null,
        null,
        null,
        null,
        null,
        null,
        null,
        null,
        null,
        null,
        1,
        null,
        null,
        null,
        null,
        null,
        null,
        null,
        null,
        null,
        null,
        null,
        null,
        null,
        null,
        null,
        null,
        null,
        null,
        null,
        null,
        null,
        null,
        null,
        null,
        null,
        null,
        null,
        null,
        null
      ],
      "/Users/matheus/Desktop/ProjetoElabore/config/initializers/filter_parameter_logging.rb": [
        null,
        null,
        null,
        null,
        null,
        1
      ],
      "/Users/matheus/Desktop/ProjetoElabore/config/initializers/friendly_id.rb": [
        null,
        null,
        null,
        null,
        null,
        null,
        null,
        null,
        null,
        null,
        null,
        null,
        null,
        1,
        null,
        null,
        null,
        null,
        0,
        null,
        0,
        null,
        null,
        null,
        null,
        null,
        null,
        null,
        null,
        null,
        null,
        null,
        null,
        null,
        null,
        null,
        null,
        null,
        null,
        null,
        null,
        null,
        null,
        null,
        null,
        null,
        null,
        null,
        null,
        null,
        null,
        null,
        null,
        null,
        null,
        null,
        null,
        null,
        null,
        null,
        null,
        null,
        null,
        null,
        null,
        null,
        null,
        null,
        null,
        null,
        null,
        null,
        null,
        null,
        null,
        null,
        null,
        null,
        null,
        null,
        null,
        null,
        null,
        null,
        null,
        null,
        null,
        null,
        null,
        null,
        null,
        null,
        null,
        null,
        null,
        null,
        null,
        null
      ],
      "/Users/matheus/Desktop/ProjetoElabore/config/initializers/inflections.rb": [
        null,
        null,
        null,
        null,
        null,
        null,
        null,
        null,
        null,
        null,
        null,
        null,
        null,
        null,
        null,
        null,
        null
      ],
      "/Users/matheus/Desktop/ProjetoElabore/config/initializers/mime_types.rb": [
        null,
        null,
        null,
        null,
        null
      ],
      "/Users/matheus/Desktop/ProjetoElabore/config/initializers/wrap_parameters.rb": [
        null,
        null,
        null,
        null,
        null,
        null,
        null,
        null,
        1,
        1,
        null,
        null,
        null,
        null,
        null,
        null
      ],
      "/Users/matheus/Desktop/ProjetoElabore/config/routes.rb": [
        null,
        null,
        1,
        1,
        null,
        1,
        null,
        1,
        1,
        null,
        1,
        1,
        1,
        1,
        1,
        null,
        1,
        1,
        null,
        1,
        null,
        1,
        1,
        null,
        1,
        null,
        1,
        1,
        null
      ],
      "/Users/matheus/Desktop/ProjetoElabore/app/models/user.rb": [
        null,
        null,
        1,
        1,
        1,
        1,
        1,
        1,
        null,
        1,
        1,
        null,
        1,
        1,
        1,
        1,
        1,
        1,
        1,
        null
      ],
      "/Users/matheus/Desktop/ProjetoElabore/app/models/application_record.rb": [
        null,
        null,
        1,
        1,
        null
      ],
      "/Users/matheus/Desktop/ProjetoElabore/app/helpers/application_helper.rb": [
        null,
        null,
        1,
        1,
        0,
        null,
        null,
        1,
        0,
        null,
        null,
        1,
        0,
        null,
        null
      ],
      "/Users/matheus/Desktop/ProjetoElabore/app/helpers/courses_helper.rb": [
        null,
        null,
        1,
        null
      ],
      "/Users/matheus/Desktop/ProjetoElabore/app/helpers/enrollments_helper.rb": [
        null,
        null,
        1,
        null
      ],
      "/Users/matheus/Desktop/ProjetoElabore/app/helpers/grades_helper.rb": [
        null,
        null,
        1,
        null
      ],
      "/Users/matheus/Desktop/ProjetoElabore/app/helpers/index_helper.rb": [
        null,
        null,
        1,
        null
      ],
      "/Users/matheus/Desktop/ProjetoElabore/app/helpers/institution_helper.rb": [
        null,
        null,
        1,
        null
      ],
      "/Users/matheus/Desktop/ProjetoElabore/app/helpers/questions_helper.rb": [
        null,
        null,
        1,
        null
      ],
      "/Users/matheus/Desktop/ProjetoElabore/app/helpers/registrations_helper.rb": [
        null,
        null,
        1,
        null
      ],
      "/Users/matheus/Desktop/ProjetoElabore/app/controllers/courses_controller.rb": [
        null,
        null,
        1,
        1,
        1,
        1,
        null,
        1,
        0,
        null,
        null,
        1,
        0,
        0,
        0,
        0,
        0,
        0,
        null,
        null,
        null,
        1,
        null,
        1,
        0,
        null,
        0,
        0,
        0,
        null,
        0,
        0,
        null,
        null,
        null,
        1,
        null,
        1,
        0,
        0,
        0,
        null,
        0,
        0,
        null,
        null,
        null,
        1,
        0,
        0,
        null,
        0,
        null,
        0,
        null,
        null,
        1,
        1,
        0,
        null,
        null,
        1,
        0,
        null,
        null,
        1,
        0,
        null,
        null
      ],
      "/Users/matheus/Desktop/ProjetoElabore/app/controllers/application_controller.rb": [
        null,
        null,
        1,
        1,
        null,
        1,
        null,
        1,
        0,
        0,
        0,
        null,
        0,
        null,
        null
      ],
      "/Users/matheus/Desktop/ProjetoElabore/spec/controllers/enrollments_controller_spec.rb": [
        null,
        null,
        1,
        null,
        1,
        null,
        null
      ],
      "/Users/matheus/Desktop/ProjetoElabore/app/controllers/enrollments_controller.rb": [
        null,
        null,
        1,
        1,
        1,
        null,
        1,
        0,
        null,
        null,
        1,
        0,
        0,
        null,
        0,
        null,
        null,
        1,
        0,
        0,
        null,
        0,
        0,
        null,
        0,
        null,
        null,
        0,
        null,
        null,
        1,
        0,
        0,
        null,
        0,
        null,
        0,
        null,
        null,
        1,
        1,
        0,
        null,
        null,
        1,
        0,
        0,
        0,
        0,
        null,
        null
      ],
      "/Users/matheus/Desktop/ProjetoElabore/spec/controllers/events_controller_spec.rb": [
        null,
        null,
        1,
        null,
        1,
        1,
        1,
        1,
        1,
        null,
        null,
        null,
        1,
        1,
        1,
        1,
        null,
        null,
        null
      ],
      "/Users/matheus/Desktop/ProjetoElabore/spec/controllers/grades_controller_spec.rb": [
        null,
        null,
        1,
        null,
        1,
        null,
        null
      ],
      "/Users/matheus/Desktop/ProjetoElabore/app/controllers/grades_controller.rb": [
        null,
        null,
        1,
        1,
        1,
        1,
        1,
        1,
        null,
        1,
        0,
        null,
        null,
        1,
        0,
        null,
        null,
        1,
        0,
        null,
        0,
        0,
        0,
        null,
        0,
        0,
        null,
        null,
        null,
        1,
        null,
        1,
        0,
        0,
        0,
        null,
        0,
        0,
        null,
        null,
        null,
        1,
        0,
        0,
        null,
        0,
        null,
        0,
        null,
        null,
        1,
        1,
        0,
        null,
        null,
        1,
        0,
        null,
        null,
        1,
        0,
        null,
        null,
        1,
        0,
        null,
        null,
        1,
        0,
        0,
        null,
        0,
        null,
        null
      ],
      "/Users/matheus/Desktop/ProjetoElabore/spec/controllers/institutions_controller_spec.rb": [
        null,
        null,
        1,
        null,
        1,
        null,
        null
      ],
      "/Users/matheus/Desktop/ProjetoElabore/app/controllers/institutions_controller.rb": [
        null,
        null,
        1,
        1,
        1,
        null,
        1,
        0,
        null,
        null,
        1,
        0,
        null,
        0,
        0,
        0,
        null,
        0,
        0,
        null,
        null,
        null,
        1,
        null,
        null,
        1,
        0,
        null,
        null,
        1,
        0,
        0,
        null,
        0,
        null,
        null,
        0,
        null,
        null,
        1,
        null,
        1,
        0,
        null,
        null,
        1,
        0,
        null,
        null
      ],
      "/Users/matheus/Desktop/ProjetoElabore/spec/controllers/notice_controller_spec.rb": [
        null,
        null,
        1,
        null,
        1,
        null,
        1,
        1,
        1,
        1,
        null,
        null,
        null,
        1,
        1,
        1,
        1,
        null,
        null,
        null
      ],
      "/Users/matheus/Desktop/ProjetoElabore/spec/controllers/parceiro_controller_spec.rb": [
        null,
        null,
        1,
        null,
        1,
        null,
        null,
        1,
        1,
        1,
        1,
        null,
        null,
        null
      ],
      "/Users/matheus/Desktop/ProjetoElabore/app/controllers/partners_controller.rb": [
        null,
        null,
        1,
        1,
        null,
        1,
        1,
        null,
        null,
        1,
        0,
        null,
        null,
        1,
        0,
        null,
        null,
        1,
        0,
        0,
        null,
        0,
        0,
        0,
        0,
        null,
        0,
        null,
        null,
        0,
        null,
        null,
        1,
        0,
        0,
        null,
        0,
        0,
        0,
        0,
        null,
        0,
        0,
        null,
        null,
        null,
        1,
        null,
        1,
        0,
        null,
        null,
        1,
        0,
        0,
        null,
        null,
        1,
        0,
        0,
        0,
        0,
        0,
        0,
        0,
        0,
        null,
        null
      ],
      "/Users/matheus/Desktop/ProjetoElabore/spec/controllers/questions_controller_spec.rb": [
        null,
        null,
        1,
        null,
        1,
        null,
        null
      ],
      "/Users/matheus/Desktop/ProjetoElabore/app/controllers/questions_controller.rb": [
        null,
        null,
        1,
        1,
        1,
        null,
        1,
        0,
        null,
        null,
        1,
        null,
        null,
        null,
        null,
        null,
        0,
        0,
        0,
        null,
        null,
        1,
        1,
        0,
        null,
        null
      ],
      "/Users/matheus/Desktop/ProjetoElabore/spec/controllers/users_controller_spec.rb": [
        null,
        null,
        1,
        null,
        1,
        1,
        1,
        1,
        1,
        null,
        null,
        null,
        1,
        1,
        1,
        1,
        null,
        null,
        null,
        1,
        1,
        1,
        1,
        null,
        null,
        null,
        1,
        1,
        1,
        1,
        1,
        0,
        null,
        null,
        null,
        1,
        1,
        1,
        null,
        null,
        1,
        0,
        null,
        null,
        null,
        null
      ],
      "/Users/matheus/Desktop/ProjetoElabore/spec/mailers/questions_spec.rb": [
        null,
        null,
        1,
        null,
        1,
        1,
        null
      ],
      "/Users/matheus/Desktop/ProjetoElabore/app/mailers/questions_mailer.rb": [
        null,
        null,
        1,
        1,
        0,
        0,
        0,
        0,
        0,
        0,
        null,
        null
      ],
      "/Users/matheus/Desktop/ProjetoElabore/app/mailers/application_mailer.rb": [
        null,
        null,
        1,
        1,
        1,
        null
      ],
      "/Users/matheus/Desktop/ProjetoElabore/spec/models/course_spec.rb": [
        null,
        null,
        1,
        null,
        1,
        1,
        null
      ],
      "/Users/matheus/Desktop/ProjetoElabore/app/models/course.rb": [
        null,
        null,
        1,
        1,
        null,
        1,
        1,
        1,
        1,
        null,
        1,
        1,
        1,
        null
      ],
      "/Users/matheus/Desktop/ProjetoElabore/app/uploaders/document_uploader.rb": [
        null,
        null,
        1,
        null,
        1,
        null,
        null,
        null,
        1,
        0,
        null,
        null,
        null,
        null,
        1,
        0,
        null,
        null
      ],
      "/Users/matheus/Desktop/ProjetoElabore/spec/models/enrollment_spec.rb": [
        null,
        null,
        1,
        null,
        1,
        1,
        null
      ],
      "/Users/matheus/Desktop/ProjetoElabore/app/models/enrollment.rb": [
        null,
        null,
        1,
        1,
        1,
        null,
        1,
        null
      ],
      "/Users/matheus/Desktop/ProjetoElabore/spec/models/event_spec.rb": [
        null,
        null,
        1,
        null,
        1,
        1,
        1,
        1,
        null,
        null,
        null,
        1,
        1,
        1,
        null,
        null,
        1,
        1,
        1,
        null,
        1,
        null,
        null,
        1,
        1,
        null,
        1,
        null,
        null,
        1,
        1,
        null,
        1,
        null,
        null,
        1,
        1,
        null,
        1,
        null,
        null,
        1,
        1,
        null,
        1,
        null,
        null,
        1,
        1,
        null,
        1,
        null,
        null,
        1,
        1,
        null,
        1,
        null,
        null,
        1,
        103,
        null,
        1,
        null,
        null,
        1,
        258,
        null,
        1,
        null,
        null,
        1,
        1,
        103,
        1,
        null,
        null,
        null
      ],
      "/Users/matheus/Desktop/ProjetoElabore/app/models/event.rb": [
        null,
        null,
        1,
        1,
        null,
        1,
        null,
        1,
        1,
        1,
        1,
        1,
        1,
        null
      ],
      "/Users/matheus/Desktop/ProjetoElabore/app/uploaders/image_uploader.rb": [
        null,
        null,
        1,
        1,
        null,
        null,
        1,
        null,
        null,
        null,
        1,
        0,
        null,
        null,
        null,
        1,
        1,
        null,
        null,
        1,
        1,
        null,
        null,
        null,
        null,
        1,
        0,
        null,
        null
      ],
      "/Users/matheus/Desktop/ProjetoElabore/spec/models/grade_spec.rb": [
        null,
        null,
        1,
        null,
        1,
        1,
        null
      ],
      "/Users/matheus/Desktop/ProjetoElabore/app/models/grade.rb": [
        null,
        null,
        1,
        1,
        null,
        1,
        1,
        null,
        1,
        1,
        1,
        1,
        null
      ],
      "/Users/matheus/Desktop/ProjetoElabore/spec/models/institution_spec.rb": [
        null,
        null,
        1,
        null,
        1,
        1,
        null
      ],
      "/Users/matheus/Desktop/ProjetoElabore/app/models/institution.rb": [
        null,
        null,
        1,
        1,
        null,
        1,
        1,
        null
      ],
      "/Users/matheus/Desktop/ProjetoElabore/spec/models/notice_spec.rb": [
        null,
        null,
        1,
        null,
        1,
        1,
        1,
        1,
        null,
        null,
        null,
        1,
        1,
        1,
        null,
        null,
        1,
        1,
        1,
        1,
        null,
        null,
        1,
        1,
        1,
        null,
        null,
        1,
        1,
        1,
        null,
        null,
        1,
        1,
        1,
        null,
        null,
        1,
        103,
        1,
        null,
        null,
        1,
        258,
        1,
        null,
        null,
        null
      ],
      "/Users/matheus/Desktop/ProjetoElabore/app/models/notice.rb": [
        null,
        null,
        1,
        1,
        null,
        1,
        null,
        1,
        1,
        1,
        null
      ],
      "/Users/matheus/Desktop/ProjetoElabore/spec/models/partner_spec.rb": [
        null,
        null,
        1,
        null,
        1,
        1,
        1,
        1,
        null,
        1,
        null,
        null,
        1,
        1,
        null,
        1,
        null,
        null,
        1,
        1,
        null,
        1,
        null,
        null,
        1,
        1,
        1,
        null,
        null,
        1,
        53,
        null,
        1,
        null,
        null,
        1,
        53,
        null,
        1,
        null,
        null,
        1,
        1,
        5003,
        1,
        null,
        null,
        null
      ],
      "/Users/matheus/Desktop/ProjetoElabore/app/models/partner.rb": [
        null,
        null,
        1,
        1,
        1,
        1,
        null
      ],
      "/Users/matheus/Desktop/ProjetoElabore/spec/models/tracking_spec.rb": [
        null,
        null,
        1,
        null,
        1,
        1,
        null
      ],
      "/Users/matheus/Desktop/ProjetoElabore/app/models/tracking.rb": [
        null,
        null,
        1,
        1,
        1,
        null
      ],
      "/Users/matheus/Desktop/ProjetoElabore/spec/models/user_spec.rb": [
        null,
        null,
        1,
        null,
        1,
        1,
        1,
        null,
        null,
        1,
        1,
        null,
        null,
        1,
        1,
        1,
        null,
        1,
        null,
        null,
        1,
        1,
        null,
        1,
        null,
        null,
        1,
        1,
        null,
        1,
        null,
        null,
        null,
        1,
        1,
        1,
        null,
        1,
        null,
        null,
        1,
        1,
        1,
        null,
        null,
        1,
        1,
        null,
        1,
        null,
        null,
        1,
        1,
        null,
        1,
        null,
        null,
        1,
        1,
        null,
        1,
        null,
        null,
        1,
        1,
        22,
        1,
        null,
        null,
        1,
        1,
        53,
        1,
        null,
        null,
        1,
        1,
        18,
        1,
        null,
        null,
        1,
        1,
        5003,
        1,
        null,
        null,
        null,
        null
      ],
      "/Users/matheus/Desktop/ProjetoElabore/app/controllers/events_controller.rb": [
        null,
        null,
        1,
        1,
        1,
        null,
        1,
        0,
        null,
        null,
        1,
        1,
        null,
        null,
        1,
        null,
        1,
        0,
        null,
        0,
        0,
        0,
        null,
        0,
        0,
        null,
        null,
        null,
        1,
        0,
        null,
        null,
        1,
        0,
        0,
        0,
        null,
        0,
        0,
        null,
        null,
        null,
        1,
        0,
        0,
        null,
        0,
        null,
        0,
        null,
        null,
        1,
        0,
        0,
        0,
        null,
        0,
        null,
        0,
        null,
        null,
        1,
        1,
        0,
        null,
        null,
        1,
        0,
        null,
        null,
        1,
        0,
        0,
        null,
        null,
        1,
        0,
        0,
        0,
        0,
        0,
        0,
        0,
        0,
        null,
        null,
        1,
        0,
        0,
        0,
        null,
        null,
        1,
        0,
        0,
        0,
        0,
        null,
        0,
        null,
        null,
        null
      ],
      "/Users/matheus/Desktop/ProjetoElabore/app/controllers/notices_controller.rb": [
        null,
        null,
        1,
        1,
        1,
        1,
        null,
        1,
        0,
        null,
        null,
        1,
        1,
        null,
        null,
        1,
        null,
        1,
        0,
        null,
        0,
        0,
        0,
        null,
        0,
        0,
        null,
        null,
        null,
        1,
        null,
        1,
        0,
        0,
        0,
        null,
        0,
        0,
        null,
        null,
        null,
        1,
        0,
        0,
        null,
        0,
        null,
        0,
        null,
        null,
        1,
        null,
        1,
        0,
        null,
        null,
        1,
        0,
        null,
        null,
        1,
        0,
        0,
        null,
        null,
        null
      ],
      "/Users/matheus/Desktop/ProjetoElabore/app/controllers/users_controller.rb": [
        null,
        null,
        1,
        1,
        1,
        1,
        null,
        1,
        0,
        null,
        null,
        1,
        0,
        null,
        0,
        null,
        0,
        0,
        0,
        0,
        null,
        0,
        0,
        null,
        null,
        null,
        1,
        null,
        null,
        1,
        0,
        null,
        null,
        1,
        0,
        0,
        null,
        0,
        0,
        null,
        0,
        null,
        null,
        0,
        null,
        null,
        1,
        null,
        1,
        0,
        null,
        null,
        1,
        0,
        null,
        null,
        1,
        0,
        null,
        null
      ]
    },
    "timestamp": 1527203877
  }
}
